<?xml version="1.0" encoding="utf-8"?><testsuites name="pytest tests"><testsuite name="pytest" errors="0" failures="0" skipped="0" tests="15" time="9.031" timestamp="2026-02-20T08:55:42.986576+00:00" hostname="agent-env-59819feb-c409-4f27-b795-366ca489c9e4"><testcase classname="tests.test_news_talk_v1.TestMarketsFeedEndpoint" name="test_markets_feed_returns_200" time="0.613" /><testcase classname="tests.test_news_talk_v1.TestMarketsFeedEndpoint" name="test_markets_feed_response_structure" time="0.534" /><testcase classname="tests.test_news_talk_v1.TestTalkEndpoints" name="test_get_talk_returns_200" time="0.437" /><testcase classname="tests.test_news_talk_v1.TestTalkEndpoints" name="test_get_talk_response_structure" time="0.426" /><testcase classname="tests.test_news_talk_v1.TestTalkEndpoints" name="test_post_talk_requires_auth" time="0.421" /><testcase classname="tests.test_news_talk_v1.TestTalkEndpoints" name="test_talk_with_symbol_filter" time="0.488" /><testcase classname="tests.test_news_talk_v1.TestTalkEndpoints" name="test_talk_with_rrr_filter" time="0.421" /><testcase classname="tests.test_news_talk_v1.TestStockFeedEndpoint" name="test_stock_feed_returns_200" time="0.446" /><testcase classname="tests.test_news_talk_v1.TestStockFeedEndpoint" name="test_stock_feed_response_structure" time="1.648" /><testcase classname="tests.test_news_talk_v1.TestStockFeedEndpoint" name="test_stock_feed_for_different_symbols" time="1.313" /><testcase classname="tests.test_news_talk_v1.TestStockTalkEndpoint" name="test_stock_talk_returns_200" time="0.434" /><testcase classname="tests.test_news_talk_v1.TestStockTalkEndpoint" name="test_stock_talk_response_structure" time="0.420" /><testcase classname="tests.test_news_talk_v1.TestUserEndpoints" name="test_get_nonexistent_user_returns_404" time="0.417" /><testcase classname="tests.test_news_talk_v1.TestUserEndpoints" name="test_get_nonexistent_user_posts_returns_404" time="0.419" /><testcase classname="tests.test_news_talk_v1.TestHealthEndpoint" name="test_health_check" time="0.442" /></testsuite></testsuites>