<?xml version="1.0" encoding="utf-8"?><testsuites name="pytest tests"><testsuite name="pytest" errors="0" failures="0" skipped="0" tests="13" time="52.384" timestamp="2026-02-19T23:33:41.730242+00:00" hostname="agent-env-06b93c98-0b7b-4fde-9a79-8054a7b2f97c"><testcase classname="backend.tests.test_news_feed.TestHomepageEndpoint" name="test_homepage_returns_200" time="0.572" /><testcase classname="backend.tests.test_news_feed.TestHomepageEndpoint" name="test_homepage_has_required_fields" time="0.512" /><testcase classname="backend.tests.test_news_feed.TestHomepageEndpoint" name="test_homepage_benchmark_data" time="0.406" /><testcase classname="backend.tests.test_news_feed.TestNewsEndpoint" name="test_news_returns_200" time="4.932" /><testcase classname="backend.tests.test_news_feed.TestNewsEndpoint" name="test_news_returns_multiple_tickers" time="5.136" /><testcase classname="backend.tests.test_news_feed.TestNewsEndpoint" name="test_news_has_aggregate_sentiment" time="5.118" /><testcase classname="backend.tests.test_news_feed.TestNewsEndpoint" name="test_aggregate_sentiment_values" time="5.205" /><testcase classname="backend.tests.test_news_feed.TestNewsEndpoint" name="test_individual_news_has_sentiment_label" time="5.040" /><testcase classname="backend.tests.test_news_feed.TestNewsEndpoint" name="test_news_item_structure" time="4.967" /><testcase classname="backend.tests.test_news_feed.TestNewsEndpoint" name="test_news_pagination" time="9.981" /><testcase classname="backend.tests.test_news_feed.TestNewsEndpoint" name="test_news_has_more_flag" time="4.858" /><testcase classname="backend.tests.test_news_feed.TestNewsEndpoint" name="test_news_from_different_companies" time="5.070" /><testcase classname="backend.tests.test_news_feed.TestHealthEndpoint" name="test_health_check" time="0.533" /></testsuite></testsuites>