<?xml version="1.0" encoding="utf-8"?><testsuites name="pytest tests"><testsuite name="pytest" errors="0" failures="0" skipped="0" tests="14" time="1.796" timestamp="2026-02-19T19:03:18.634409+00:00" hostname="agent-env-b9532c34-8f50-4723-8742-4735be8ccda3"><testcase classname="backend.tests.test_stock_detail_fixes.TestStockOverviewAPI" name="test_aapl_overview_returns_200" time="0.282" /><testcase classname="backend.tests.test_stock_detail_fixes.TestStockOverviewAPI" name="test_gradient_colors_has_direction_field" time="0.116" /><testcase classname="backend.tests.test_stock_detail_fixes.TestStockOverviewAPI" name="test_all_metrics_have_direction" time="0.118" /><testcase classname="backend.tests.test_stock_detail_fixes.TestStockOverviewAPI" name="test_key_metrics_has_pe_benchmark" time="0.114" /><testcase classname="backend.tests.test_stock_detail_fixes.TestStockOverviewAPI" name="test_key_metrics_has_dividend_benchmark" time="0.095" /><testcase classname="backend.tests.test_stock_detail_fixes.TestStockOverviewAPI" name="test_peer_context_exists" time="0.103" /><testcase classname="backend.tests.test_stock_detail_fixes.TestStockOverviewAPI" name="test_valuation_status_label" time="0.120" /><testcase classname="backend.tests.test_stock_detail_fixes.TestBenchmarkAPI" name="test_consumer_electronics_benchmark_returns_200" time="0.121" /><testcase classname="backend.tests.test_stock_detail_fixes.TestBenchmarkAPI" name="test_consumer_electronics_has_pe_ratio_median" time="0.087" /><testcase classname="backend.tests.test_stock_detail_fixes.TestBenchmarkAPI" name="test_benchmark_has_company_count" time="0.130" /><testcase classname="backend.tests.test_stock_detail_fixes.TestBenchmarkAPI" name="test_benchmark_has_dividend_yield_median" time="0.078" /><testcase classname="backend.tests.test_stock_detail_fixes.TestPriceDataAPI" name="test_aapl_prices_returns_data" time="0.107" /><testcase classname="backend.tests.test_stock_detail_fixes.TestPriceDataAPI" name="test_aapl_price_range_correct" time="0.121" /><testcase classname="backend.tests.test_stock_detail_fixes.TestHealthEndpoint" name="test_health_endpoint" time="0.079" /></testsuite></testsuites>